# JRE version: OpenJDK Runtime Environment (21.0.6) (build 21.0.6+-13368085-b895.109)
# Java VM: OpenJDK 64-Bit Server VM (21.0.6+-13368085-b895.109, mixed mode, tiered, compressed oops, compressed class ptrs, g1 gc, windows-amd64)
GC Precious Log:
 CardTable entry size: 512
 Card Set container configuration: InlinePtr #cards 5 size 8 Array Of Cards #cards 12 size 40 Howl #buckets 4 coarsen threshold 1843 Howl Bitmap #cards 512 size 80 coarsen threshold 460 Card regions per heap region 1 cards per card region 2048
 CPUs: 4 total, 4 available
 Memory: 8147M
 Large Page Support: Disabled
 NUMA Support: Disabled
 Compressed Oops: Enabled (32-bit)
 Heap Region Size: 1M
 Heap Min Capacity: 8M
 Heap Initial Capacity: 128M
 Heap Max Capacity: 2G
 Pre-touch: Disabled
 Parallel Workers: 4
 Concurrent Workers: 1
 Concurrent Refinement Workers: 4
 Periodic GC: Disabled
Heap:
 garbage-first heap   total 240640K, used 121454K [0x0000000080000000, 0x0000000100000000)
  region size 1024K, 10 young (10240K), 8 survivors (8192K)
 Metaspace       used 124323K, committed 126528K, reserved 1179648K
  class space    used 16209K, committed 17280K, reserved 1048576K
GC Heap History (20 events):
Event: 20.648 GC heap before
{Heap before GC invocations=44 (full 0):
 garbage-first heap   total 160768K, used 139172K [0x0000000080000000, 0x0000000100000000)
  region size 1024K, 44 young (45056K), 1 survivors (1024K)
 Metaspace       used 109223K, committed 111360K, reserved 1179648K
  class space    used 14727K, committed 15808K, reserved 1048576K
}
Event: 20.658 GC heap after
{Heap after GC invocations=45 (full 0):
 garbage-first heap   total 160768K, used 111066K [0x0000000080000000, 0x0000000100000000)
  region size 1024K, 6 young (6144K), 6 survivors (6144K)
 Metaspace       used 109223K, committed 111360K, reserved 1179648K
  class space    used 14727K, committed 15808K, reserved 1048576K
}
Event: 21.155 GC heap before
{Heap before GC invocations=45 (full 0):
 garbage-first heap   total 160768K, used 157146K [0x0000000080000000, 0x0000000100000000)
  region size 1024K, 37 young (37888K), 6 survivors (6144K)
 Metaspace       used 111225K, committed 113344K, reserved 1179648K
  class space    used 14947K, committed 16000K, reserved 1048576K
}
Event: 21.174 GC heap after
{Heap after GC invocations=46 (full 0):
 garbage-first heap   total 175104K, used 118230K [0x0000000080000000, 0x0000000100000000)
  region size 1024K, 5 young (5120K), 5 survivors (5120K)
 Metaspace       used 111225K, committed 113344K, reserved 1179648K
  class space    used 14947K, committed 16000K, reserved 1048576K
}
Event: 21.634 GC heap before
{Heap before GC invocations=46 (full 0):
 garbage-first heap   total 175104K, used 152022K [0x0000000080000000, 0x0000000100000000)
  region size 1024K, 39 young (39936K), 5 survivors (5120K)
 Metaspace       used 111842K, committed 114048K, reserved 1179648K
  class space    used 15019K, committed 16064K, reserved 1048576K
}
Event: 21.643 GC heap after
{Heap after GC invocations=47 (full 0):
 garbage-first heap   total 175104K, used 123358K [0x0000000080000000, 0x0000000100000000)
  region size 1024K, 4 young (4096K), 4 survivors (4096K)
 Metaspace       used 111842K, committed 114048K, reserved 1179648K
  class space    used 15019K, committed 16064K, reserved 1048576K
}
Event: 22.211 GC heap before
{Heap before GC invocations=48 (full 0):
 garbage-first heap   total 204800K, used 154078K [0x0000000080000000, 0x0000000100000000)
  region size 1024K, 36 young (36864K), 4 survivors (4096K)
 Metaspace       used 111967K, committed 114176K, reserved 1179648K
  class space    used 15036K, committed 16128K, reserved 1048576K
}
Event: 22.218 GC heap after
{Heap after GC invocations=49 (full 0):
 garbage-first heap   total 204800K, used 124537K [0x0000000080000000, 0x0000000100000000)
  region size 1024K, 4 young (4096K), 4 survivors (4096K)
 Metaspace       used 111967K, committed 114176K, reserved 1179648K
  class space    used 15036K, committed 16128K, reserved 1048576K
}
Event: 26.081 GC heap before
{Heap before GC invocations=49 (full 0):
 garbage-first heap   total 204800K, used 175737K [0x0000000080000000, 0x0000000100000000)
  region size 1024K, 55 young (56320K), 4 survivors (4096K)
 Metaspace       used 113243K, committed 115392K, reserved 1179648K
  class space    used 15181K, committed 16256K, reserved 1048576K
}
Event: 26.090 GC heap after
{Heap after GC invocations=50 (full 0):
 garbage-first heap   total 204800K, used 123904K [0x0000000080000000, 0x0000000100000000)
  region size 1024K, 7 young (7168K), 7 survivors (7168K)
 Metaspace       used 113243K, committed 115392K, reserved 1179648K
  class space    used 15181K, committed 16256K, reserved 1048576K
}
Event: 27.016 GC heap before
{Heap before GC invocations=50 (full 0):
 garbage-first heap   total 204800K, used 177152K [0x0000000080000000, 0x0000000100000000)
  region size 1024K, 60 young (61440K), 7 survivors (7168K)
 Metaspace       used 115222K, committed 117376K, reserved 1179648K
  class space    used 15402K, committed 16448K, reserved 1048576K
}
Event: 27.025 GC heap after
{Heap after GC invocations=51 (full 0):
 garbage-first heap   total 204800K, used 128747K [0x0000000080000000, 0x0000000100000000)
  region size 1024K, 5 young (5120K), 5 survivors (5120K)
 Metaspace       used 115222K, committed 117376K, reserved 1179648K
  class space    used 15402K, committed 16448K, reserved 1048576K
}
Event: 27.098 GC heap before
{Heap before GC invocations=51 (full 0):
 garbage-first heap   total 204800K, used 130795K [0x0000000080000000, 0x0000000100000000)
  region size 1024K, 9 young (9216K), 5 survivors (5120K)
 Metaspace       used 115539K, committed 117760K, reserved 1179648K
  class space    used 15448K, committed 16576K, reserved 1048576K
}
Event: 27.102 GC heap after
{Heap after GC invocations=52 (full 0):
 garbage-first heap   total 204800K, used 129821K [0x0000000080000000, 0x0000000100000000)
  region size 1024K, 1 young (1024K), 1 survivors (1024K)
 Metaspace       used 115539K, committed 117760K, reserved 1179648K
  class space    used 15448K, committed 16576K, reserved 1048576K
}
Event: 33.602 GC heap before
{Heap before GC invocations=53 (full 0):
 garbage-first heap   total 240640K, used 197405K [0x0000000080000000, 0x0000000100000000)
  region size 1024K, 54 young (55296K), 1 survivors (1024K)
 Metaspace       used 122857K, committed 125056K, reserved 1179648K
  class space    used 16184K, committed 17280K, reserved 1048576K
}
Event: 33.605 GC heap after
{Heap after GC invocations=54 (full 0):
 garbage-first heap   total 240640K, used 121331K [0x0000000080000000, 0x0000000100000000)
  region size 1024K, 2 young (2048K), 2 survivors (2048K)
 Metaspace       used 122857K, committed 125056K, reserved 1179648K
  class space    used 16184K, committed 17280K, reserved 1048576K
}
Event: 74.509 GC heap before
{Heap before GC invocations=54 (full 0):
 garbage-first heap   total 240640K, used 208371K [0x0000000080000000, 0x0000000100000000)
  region size 1024K, 88 young (90112K), 2 survivors (2048K)
 Metaspace       used 123829K, committed 126016K, reserved 1179648K
  class space    used 16204K, committed 17280K, reserved 1048576K
}
Event: 74.522 GC heap after
{Heap after GC invocations=55 (full 0):
 garbage-first heap   total 240640K, used 119766K [0x0000000080000000, 0x0000000100000000)
  region size 1024K, 11 young (11264K), 11 survivors (11264K)
 Metaspace       used 123829K, committed 126016K, reserved 1179648K
  class space    used 16204K, committed 17280K, reserved 1048576K
}
Event: 361.633 GC heap before
{Heap before GC invocations=55 (full 0):
 garbage-first heap   total 240640K, used 209878K [0x0000000080000000, 0x0000000100000000)
  region size 1024K, 100 young (102400K), 11 survivors (11264K)
 Metaspace       used 124322K, committed 126528K, reserved 1179648K
  class space    used 16209K, committed 17280K, reserved 1048576K
}
Event: 361.677 GC heap after
{Heap after GC invocations=56 (full 0):
 garbage-first heap   total 240640K, used 120430K [0x0000000080000000, 0x0000000100000000)
  region size 1024K, 8 young (8192K), 8 survivors (8192K)
 Metaspace       used 124322K, committed 126528K, reserved 1179648K
  class space    used 16209K, committed 17280K, reserved 1048576K
}

